<?xml version="1.0" encoding="UTF-8"?>
<!-- Generated by org.testng.reporters.JUnitReportReporter -->
<testsuite skipped="0" hostname="DESKTOP-MLNU6CC" name="testCases.SearchDress" tests="1" failures="0" timestamp="22 Feb 2020 10:26:55 GMT" time="27.795" errors="0">
  <testcase name="searchDress" time="27.795" classname="testCases.SearchDress"/>
</testsuite> <!-- testCases.SearchDress -->
